[ir-log] func_enter fid=1
[ir-log] bb_enter fid=1 bbid=4
[ir-log] cfg_edge eid=23 fid=1 src_bbid=4 dst_bbid=6 succ=0
[ir-log] bb_enter fid=1 bbid=6
[ir-log] cfg_edge eid=24 fid=1 src_bbid=6 dst_bbid=7 succ=0
[ir-log] bb_enter fid=1 bbid=7
[ir-log] call_edge eid=62 src_fid=1 src_bbid=7 dst_fid=0 call_node=21
[ir-log] func_enter fid=0
[ir-log] bb_enter fid=0 bbid=0
[ir-log] cfg_edge eid=18 fid=0 src_bbid=0 dst_bbid=1 succ=0
[ir-log] bb_enter fid=0 bbid=1
[ir-log] cfg_edge eid=20 fid=0 src_bbid=1 dst_bbid=2 succ=1
[ir-log] bb_enter fid=0 bbid=2
[ir-log] cfg_edge eid=19 fid=0 src_bbid=2 dst_bbid=1 succ=0
[ir-log] bb_enter fid=0 bbid=1
[ir-log] cfg_edge eid=20 fid=0 src_bbid=1 dst_bbid=2 succ=1
[ir-log] bb_enter fid=0 bbid=2
[ir-log] cfg_edge eid=19 fid=0 src_bbid=2 dst_bbid=1 succ=0
[ir-log] bb_enter fid=0 bbid=1
[ir-log] cfg_edge eid=20 fid=0 src_bbid=1 dst_bbid=2 succ=1
[ir-log] bb_enter fid=0 bbid=2
[ir-log] cfg_edge eid=19 fid=0 src_bbid=2 dst_bbid=1 succ=0
[ir-log] bb_enter fid=0 bbid=1
[ir-log] cfg_edge eid=21 fid=0 src_bbid=1 dst_bbid=3 succ=0
[ir-log] bb_enter fid=0 bbid=3
Fact(4) = 24
[ir-log] cfg_edge eid=27 fid=1 src_bbid=7 dst_bbid=9 succ=0
[ir-log] bb_enter fid=1 bbid=9
